[2024-08-29 12:18:54] Welcome!
[2024-08-29 12:18:54] Logger started, logging into `/home/mruscone/Documents/curie/projects/Medulloblastoma_project/Huri_analysis/Notebooks/pypath_log/pypath-jotms.log`.
[2024-08-29 12:18:54] Session `jotms` started.
[2024-08-29 12:18:54] Config has been read from the following files:
[2024-08-29 12:18:54]   - /home/mruscone/miniforge3/envs/neko_env/lib/python3.12/site-packages/pypath_common/data/settings.yaml
[2024-08-29 12:18:54] [pypath] 
	- session ID: `jotms`
	- working directory: `/home/mruscone/Documents/curie/projects/Medulloblastoma_project/Huri_analysis/Notebooks`
	- logfile: `/home/mruscone/Documents/curie/projects/Medulloblastoma_project/Huri_analysis/Notebooks/pypath_log/pypath-jotms.log`
	- config: 
		- /home/mruscone/miniforge3/envs/neko_env/lib/python3.12/site-packages/pypath_common/data/settings.yaml
	- pypath version: 0.16.16
	- imported from: `/home/mruscone/miniforge3/envs/neko_env/lib/python3.12/site-packages/pypath`
	- Python version: 3.12.5 | packaged by conda-forge | (main, Aug  8 2024, 18:36:51) [GCC 12.4.0]
	- Platform: Linux-6.5.0-1023-oem-x86_64-with-glibc2.35
[2024-08-29 12:18:54] [pypath] pypath
[2024-08-29 12:18:54] [curl] Creating Curl object to retrieve data from `https://www.ebi.ac.uk/unichem/api/v1/sources/`
[2024-08-29 12:18:54] [curl] Cache file path: `/home/mruscone/.cache/pypath/b2a060ead30932cabb4a6e993539989e-`
[2024-08-29 12:18:54] [curl] Cache file found, no need for download.
[2024-08-29 12:18:54] [curl] Loading data from cache previously downloaded from `www.ebi.ac.uk`
[2024-08-29 12:18:54] [curl] Opening file `/home/mruscone/.cache/pypath/b2a060ead30932cabb4a6e993539989e-`
[2024-08-29 12:18:54] [curl] Extracting data from file type `plain`
[2024-08-29 12:18:54] [curl] Opening plain text file `/home/mruscone/.cache/pypath/b2a060ead30932cabb4a6e993539989e-`.
[2024-08-29 12:18:54] [curl] Contents of `/home/mruscone/.cache/pypath/b2a060ead30932cabb4a6e993539989e-` has been read and the file has been closed.
[2024-08-29 12:18:54] [curl] File at `https://www.ebi.ac.uk/unichem/api/v1/sources/` successfully retrieved. Resulted file type `plain text, unicode string`. Local file at
                      `/home/mruscone/.cache/pypath/b2a060ead30932cabb4a6e993539989e-`.
[2024-08-29 12:18:54] [curl] Creating Curl object to retrieve data from `https://www.ensembl.org/info/about/species.html`
[2024-08-29 12:18:54] [curl] Cache file path: `/home/mruscone/.cache/pypath/535b06d53a59e75bb693369bc5fdc556-species.html`
[2024-08-29 12:18:54] [curl] Cache file found, no need for download.
[2024-08-29 12:18:54] [curl] Opening plain text file `/home/mruscone/.cache/pypath/535b06d53a59e75bb693369bc5fdc556-species.html`.
[2024-08-29 12:18:54] [curl] Contents of `/home/mruscone/.cache/pypath/535b06d53a59e75bb693369bc5fdc556-species.html` has been read and the file has been closed.
[2024-08-29 12:18:54] [curl] Creating Curl object to retrieve data from `https://www.ensembl.org/info/about/species.html`
[2024-08-29 12:18:54] [curl] Cache file path: `/home/mruscone/.cache/pypath/535b06d53a59e75bb693369bc5fdc556-species.html`
[2024-08-29 12:18:54] [curl] Cache file found, no need for download.
[2024-08-29 12:18:54] [curl] Opening plain text file `/home/mruscone/.cache/pypath/535b06d53a59e75bb693369bc5fdc556-species.html`.
[2024-08-29 12:18:54] [curl] Contents of `/home/mruscone/.cache/pypath/535b06d53a59e75bb693369bc5fdc556-species.html` has been read and the file has been closed.
[2024-08-29 12:18:54] [curl] Creating Curl object to retrieve data from `https://www.ensembl.org/info/about/species.html`
[2024-08-29 12:18:54] [curl] Cache file path: `/home/mruscone/.cache/pypath/535b06d53a59e75bb693369bc5fdc556-species.html`
[2024-08-29 12:18:54] [curl] Cache file found, no need for download.
[2024-08-29 12:18:54] [curl] Opening plain text file `/home/mruscone/.cache/pypath/535b06d53a59e75bb693369bc5fdc556-species.html`.
[2024-08-29 12:18:54] [curl] Contents of `/home/mruscone/.cache/pypath/535b06d53a59e75bb693369bc5fdc556-species.html` has been read and the file has been closed.
[2024-08-29 12:18:55] [pypath] pypath
[2024-08-29 12:18:55] [curl] Creating Curl object to retrieve data from `https://www.ebi.ac.uk/unichem/api/v1/sources/`
[2024-08-29 12:18:55] [curl] Cache file path: `/home/mruscone/.cache/pypath/b2a060ead30932cabb4a6e993539989e-`
[2024-08-29 12:18:55] [curl] Cache file found, no need for download.
[2024-08-29 12:18:55] [curl] Loading data from cache previously downloaded from `www.ebi.ac.uk`
[2024-08-29 12:18:55] [curl] Opening file `/home/mruscone/.cache/pypath/b2a060ead30932cabb4a6e993539989e-`
[2024-08-29 12:18:55] [curl] Extracting data from file type `plain`
[2024-08-29 12:18:55] [curl] Opening plain text file `/home/mruscone/.cache/pypath/b2a060ead30932cabb4a6e993539989e-`.
[2024-08-29 12:18:55] [curl] Contents of `/home/mruscone/.cache/pypath/b2a060ead30932cabb4a6e993539989e-` has been read and the file has been closed.
[2024-08-29 12:18:55] [curl] File at `https://www.ebi.ac.uk/unichem/api/v1/sources/` successfully retrieved. Resulted file type `plain text, unicode string`. Local file at
                      `/home/mruscone/.cache/pypath/b2a060ead30932cabb4a6e993539989e-`.
[2024-08-29 12:18:55] [curl] Creating Curl object to retrieve data from `https://rampdb.nih.gov/api/id-types`
[2024-08-29 12:18:55] [curl] Cache file path: `/home/mruscone/.cache/pypath/c058901753f61743bf55db935731cff1-id-types`
[2024-08-29 12:18:55] [curl] Cache file found, no need for download.
[2024-08-29 12:18:55] [curl] Opening plain text file `/home/mruscone/.cache/pypath/c058901753f61743bf55db935731cff1-id-types`.
[2024-08-29 12:18:55] [curl] Contents of `/home/mruscone/.cache/pypath/c058901753f61743bf55db935731cff1-id-types` has been read and the file has been closed.
[2024-08-29 12:18:55] [network_resources] Could not find data model for resource `Negatome` in set `negative`.
[2024-08-29 12:18:55] [network_resources] Could not find data model for resource `ORegAnno` in set `transcription_deprecated`.
[2024-08-29 12:18:55] [resource_controller] Loading resource information from JSON file: /home/mruscone/miniforge3/envs/neko_env/lib/python3.12/site-packages/pypath/resources/data/resources.json
[2024-08-29 12:18:55] [resource_controller] Resource information has been read from `/home/mruscone/miniforge3/envs/neko_env/lib/python3.12/site-packages/pypath/resources/data/resources.json`.
[2024-08-29 12:18:55] [licenses] Populating license database from directory `/home/mruscone/miniforge3/envs/neko_env/lib/python3.12/site-packages/pypath/data/licenses`.
[2024-08-29 12:18:55] [licenses] Added license `CC BY-NC-ND 3.0` (purpose = nonprofit, sharing = noderiv, attrib = attrib).
[2024-08-29 12:18:55] [licenses] Added license `ELM` (purpose = academic, sharing = free, attrib = attrib).
[2024-08-29 12:18:55] [licenses] Added license `AFL 3.0` (purpose = academic, sharing = alike, attrib = attrib).
[2024-08-29 12:18:55] [licenses] Added license `EUL` (purpose = academic, sharing = alike, attrib = attrib).
[2024-08-29 12:18:55] [licenses] Added license `Informal` (purpose = commercial, sharing = free, attrib = attrib).
[2024-08-29 12:18:55] [licenses] Added license `MIT` (purpose = commercial, sharing = free, attrib = attrib).
[2024-08-29 12:18:55] [licenses] Added license `miRecords` (purpose = commercial, sharing = free, attrib = attrib).
[2024-08-29 12:18:55] [licenses] Added license `BioCarta` (purpose = academic, sharing = alike, attrib = attrib).
[2024-08-29 12:18:55] [licenses] Added license `Unspecified NC-SA` (purpose = academic, sharing = alike, attrib = attrib).
[2024-08-29 12:18:55] [licenses] Added license `Artistic-2.0` (purpose = commercial, sharing = alike, attrib = attrib).
[2024-08-29 12:18:55] [licenses] Added license `CC BY-NC 2.0` (purpose = academic, sharing = free, attrib = attrib).
[2024-08-29 12:18:55] [licenses] Added license `CC BY 3.0` (purpose = commercial, sharing = free, attrib = attrib).
[2024-08-29 12:18:55] [licenses] Added license `CC BY-ND 3.0` (purpose = commercial, sharing = noderiv, attrib = attrib).
[2024-08-29 12:18:55] [licenses] Added license `GPLv2` (purpose = commercial, sharing = alike, attrib = attrib).
[2024-08-29 12:18:55] [licenses] Added license `CC BY-NC-SA 4.0` (purpose = academic, sharing = alike, attrib = attrib).
[2024-08-29 12:18:55] [licenses] Added license `CC BY-NC-SA 3.0` (purpose = academic, sharing = alike, attrib = attrib).
[2024-08-29 12:18:55] [licenses] Added license `CC BY 4.0` (purpose = commercial, sharing = free, attrib = attrib).
[2024-08-29 12:18:55] [licenses] Added license `Composite` (purpose = composite, sharing = composite, attrib = attrib).
[2024-08-29 12:18:55] [licenses] Added license `PhosphoNetworks` (purpose = non_profit, sharing = alike, attrib = attrib).
[2024-08-29 12:18:55] [licenses] Added license `GPLv3` (purpose = commercial, sharing = alike, attrib = attrib).
[2024-08-29 12:18:55] [licenses] Added license `I2D` (purpose = academic, sharing = free, attrib = attrib).
[2024-08-29 12:18:55] [licenses] Added license `CytoSig` (purpose = non_profit, sharing = alike, attrib = attrib).
[2024-08-29 12:18:55] [licenses] Added license `MPPI` (purpose = commercial, sharing = free, attrib = attrib).
[2024-08-29 12:18:55] [licenses] Added license `OpenTargets` (purpose = academic, sharing = free, attrib = attrib).
[2024-08-29 12:18:55] [licenses] Added license `CC BY-NC-ND 4.0` (purpose = academic, sharing = noderiv, attrib = attrib).
[2024-08-29 12:18:55] [licenses] Added license `LGPLv3` (purpose = commercial, sharing = free, attrib = attrib).
[2024-08-29 12:18:55] [licenses] Added license `EMBL-EBI` (purpose = academic, sharing = free, attrib = attrib).
[2024-08-29 12:18:55] [licenses] Added license `miRTarBase` (purpose = academic, sharing = free, attrib = attrib).
[2024-08-29 12:18:55] [licenses] Added license `KEGG` (purpose = ignore, sharing = ignore, attrib = attrib).
[2024-08-29 12:18:55] [licenses] Added license `CC BY-NC 4.0` (purpose = academic, sharing = free, attrib = attrib).
[2024-08-29 12:18:55] [licenses] Added license `Kinase.com` (purpose = non_profit, sharing = alike, attrib = attrib).
[2024-08-29 12:18:55] [licenses] Added license `HPRD` (purpose = academic, sharing = free, attrib = attrib).
[2024-08-29 12:18:55] [licenses] Added license `CC BY-NC 3.0` (purpose = academic, sharing = free, attrib = attrib).
[2024-08-29 12:18:55] [licenses] Added license `CC BY-SA 3.0` (purpose = commercial, sharing = alike, attrib = attrib).
[2024-08-29 12:18:55] [licenses] Added license `CC BY 2.5` (purpose = commercial, sharing = free, attrib = attrib).
[2024-08-29 12:18:55] [licenses] Added license `CC BY-SA 2.5` (purpose = commercial, sharing = alike, attrib = attrib).
[2024-08-29 12:18:55] [licenses] Added license `CC0 1.0` (purpose = commercial, sharing = free, attrib = noattrib).
[2024-08-29 12:18:55] [licenses] Added license `BSD` (purpose = commercial, sharing = alike, attrib = attrib).
[2024-08-29 12:18:55] [licenses] Added license `HGNC` (purpose = commercial, sharing = free, attrib = attrib).
[2024-08-29 12:18:55] [licenses] Added license `Apache 2.0` (purpose = commercial, sharing = alike, attrib = attrib).
[2024-08-29 12:18:55] [licenses] Added license `DSL` (purpose = commercial, sharing = alike, attrib = attrib).
[2024-08-29 12:18:55] [licenses] Added license `No license` (purpose = ignore, sharing = ignore, attrib = attrib).
[2024-08-29 12:18:55] [licenses] Added license `COSMIC` (purpose = academic, sharing = free, attrib = attrib).
[2024-08-29 12:18:55] [licenses] Added license `PathwayCommons` (purpose = academic, sharing = alike, attrib = attrib).
[2024-08-29 12:18:55] [licenses] Added license `CellCellInteractions` (purpose = non_profit, sharing = alike, attrib = attrib).
[2024-08-29 12:18:55] [licenses] Added license `CC BY-SA 4.0` (purpose = commercial, sharing = alike, attrib = attrib).
[2024-08-29 12:18:55] [licenses] Added license `HPO` (purpose = academic, sharing = alike, attrib = attrib).
[2024-08-29 12:18:55] [licenses] Added license `CC BY-ND 4.0` (purpose = commercial, sharing = noderiv, attrib = attrib).
[2024-08-29 12:18:55] [licenses] Added license `NAR Open Access` (purpose = commercial, sharing = alike, attrib = attrib).
[2024-08-29 12:18:55] [licenses] Added license `PDB` (purpose = commercial, sharing = free, attrib = attrib).
[2024-08-29 12:18:55] [resource_controller] Updating resource license information.
[2024-08-29 12:18:55] [resource_controller] No license for resource `3DComplex`.
[2024-08-29 12:18:55] [resource_controller] Could not find resource `Vidal HI-III`.
[2024-08-29 12:18:55] [resource_controller] Could not find resource `HumanSignalingNetwork`.
[2024-08-29 12:18:55] [resource_controller] Could not find resource `HI-union`.
[2024-08-29 12:18:55] [resource_controller] Could not find resource `CPDB`.
[2024-08-29 12:18:55] [resource_controller] Could not find resource `Laudanna-effects`.
[2024-08-29 12:18:55] [resource_controller] Could not find resource `Laudanna-directions`.
[2024-08-29 12:18:55] [resource_controller] Could not find resource `reaction resources`.
[2024-08-29 14:24:49] [mapping] Requested to load ID translation table from `genesymbol` to `uniprot`, organism: 9606.
[2024-08-29 14:24:49] [mapping] Chosen built-in defined ID translation table: resource=uniprot, id_type_a=genesymbol, id_type_b=uniprot
[2024-08-29 14:24:49] [mapping] Loading mapping table for organism `9606` with identifiers `genesymbol` and `uniprot`, input type `uniprot`
[2024-08-29 14:24:49] [mapping] Reader created for ID translation table, parameters: `ncbi_tax_id=9606, id_a=genesymbol, id_b=uniprot, load_a_to_b=1, load_b_to_a=0, input_type=uniprot (UniprotMapping)`.
[2024-08-29 14:24:49] [mapping] Loading `genesymbol` to `uniprot` mapping table from pickle file `/home/mruscone/.cache/pypath/4e20a25d4c5462ea0850dc023e28a5dd`.
[2024-08-29 14:24:49] [mapping] Sucessfully loaded mapping table for organism `9606` with identifiers `genesymbol` to `uniprot`.
[2024-08-29 14:24:49] [mapping] Requested to load ID translation table from `uniprot-sec` to `uniprot-pri`, organism: 9606.
[2024-08-29 14:24:49] [mapping] Chosen built-in defined ID translation table: resource=basic, id_type_a=uniprot-sec, id_type_b=uniprot-pri
[2024-08-29 14:24:49] [inputs] Selecting input method (step 1): module `uniprot.get_uniprot_sec`, method `None`.
[2024-08-29 14:24:49] [inputs] Selecting input method (step 2): module `pypath.inputs.uniprot`, method `get_uniprot_sec`.
[2024-08-29 14:24:49] [inputs] Importing module `pypath.inputs.uniprot`.
[2024-08-29 14:24:49] [mapping] Loading mapping table for organism `9606` with identifiers `uniprot-sec` and `uniprot-pri`, input type `file`
[2024-08-29 14:24:49] [mapping] Reader created for ID translation table, parameters: `ncbi_tax_id=9606, id_a=uniprot-sec, id_b=uniprot-pri, load_a_to_b=1, load_b_to_a=0, input_type=file (FileMapping)`.
[2024-08-29 14:24:50] [mapping] Loading `uniprot-sec` to `uniprot-pri` mapping table from pickle file `/home/mruscone/.cache/pypath/bcdb870979dd49eee31bbdea058709d2`.
[2024-08-29 14:24:50] [mapping] Sucessfully loaded mapping table for organism `9606` with identifiers `uniprot-sec` to `uniprot-pri`.
[2024-08-29 14:24:50] [mapping] Requested to load ID translation table from `trembl` to `genesymbol`, organism: 9606.
[2024-08-29 14:24:50] [mapping] Chosen built-in defined ID translation table: resource=basic, id_type_a=genesymbol, id_type_b=trembl
[2024-08-29 14:24:50] [mapping] Loading mapping table for organism `9606` with identifiers `genesymbol` and `trembl`, input type `uniprot`
[2024-08-29 14:24:50] [mapping] Reader created for ID translation table, parameters: `ncbi_tax_id=9606, id_a=genesymbol, id_b=trembl, load_a_to_b=0, load_b_to_a=1, input_type=uniprot (UniprotMapping)`.
[2024-08-29 14:24:50] [mapping] Loading `genesymbol` to `trembl` mapping table from pickle file `/home/mruscone/.cache/pypath/1c4c5ffe855c03ae65e4b9ea7cfa56fa`.
[2024-08-29 14:24:50] [mapping] Sucessfully loaded mapping table for organism `9606` with identifiers `trembl` to `genesymbol`.
[2024-08-29 14:24:50] [mapping] Requested to load ID translation table from `genesymbol` to `swissprot`, organism: 9606.
[2024-08-29 14:24:50] [mapping] Chosen built-in defined ID translation table: resource=basic, id_type_a=genesymbol, id_type_b=swissprot
[2024-08-29 14:24:50] [mapping] Loading mapping table for organism `9606` with identifiers `genesymbol` and `swissprot`, input type `uniprot`
[2024-08-29 14:24:50] [mapping] Reader created for ID translation table, parameters: `ncbi_tax_id=9606, id_a=genesymbol, id_b=swissprot, load_a_to_b=1, load_b_to_a=0, input_type=uniprot (UniprotMapping)`.
[2024-08-29 14:24:50] [mapping] Loading `genesymbol` to `swissprot` mapping table from pickle file `/home/mruscone/.cache/pypath/dc6abdb7c49e4ecad07f4f7b9f93f0fd`.
[2024-08-29 14:24:50] [mapping] Sucessfully loaded mapping table for organism `9606` with identifiers `genesymbol` to `swissprot`.
[2024-08-29 14:24:50] [uniprot_db] Loading list of all UniProt IDs for organism `9606` (only SwissProt: None).
[2024-08-29 14:24:50] [curl] Creating Curl object to retrieve data from `https://rest.uniprot.org/uniprotkb/stream`
[2024-08-29 14:24:50] [curl] GET parameters added to the URL: `query=organism_id%3A9606&format=tsv&fields=accession`
[2024-08-29 14:24:50] [curl] Cache file path: `/home/mruscone/.cache/pypath/fb5c357aad69910705244a5afddde059-stream`
[2024-08-29 14:24:50] [curl] Cache file found, no need for download.
[2024-08-29 14:24:50] [curl] Loading data from cache previously downloaded from `rest.uniprot.org`
[2024-08-29 14:24:50] [curl] Opening file `/home/mruscone/.cache/pypath/fb5c357aad69910705244a5afddde059-stream`
[2024-08-29 14:24:50] [curl] Extracting data from file type `plain`
[2024-08-29 14:24:50] [curl] Opening plain text file `/home/mruscone/.cache/pypath/fb5c357aad69910705244a5afddde059-stream`.
[2024-08-29 14:24:50] [curl] Contents of `/home/mruscone/.cache/pypath/fb5c357aad69910705244a5afddde059-stream` has been read and the file has been closed.
[2024-08-29 14:24:50] [curl] File at `https://rest.uniprot.org/uniprotkb/stream?query=organism_id%3A9606&format=tsv&fields=accession` successfully retrieved. Resulted file type `plain text, unicode string`. Local file at
                      `/home/mruscone/.cache/pypath/fb5c357aad69910705244a5afddde059-stream`.
[2024-08-29 14:24:50] [mapping] Requested to load ID translation table from `genesymbol-syn` to `uniprot`, organism: 9606.
[2024-08-29 14:24:50] [mapping] Chosen built-in defined ID translation table: resource=uniprot, id_type_a=genesymbol-syn, id_type_b=uniprot
[2024-08-29 14:24:50] [mapping] Loading mapping table for organism `9606` with identifiers `genesymbol-syn` and `uniprot`, input type `uniprot`
[2024-08-29 14:24:50] [mapping] Reader created for ID translation table, parameters: `ncbi_tax_id=9606, id_a=genesymbol-syn, id_b=uniprot, load_a_to_b=1, load_b_to_a=0, input_type=uniprot (UniprotMapping)`.
[2024-08-29 14:24:50] [mapping] UniProt REST API call: `https://rest.uniprot.org/uniprotkb/stream?query=(reviewed:true AND organism_id:9606)&format=tsv&fields=accession,gene_synonym&compressed=true`.
[2024-08-29 14:24:50] [curl] Creating Curl object to retrieve data from `https://rest.uniprot.org/uniprotkb/stream`
[2024-08-29 14:24:50] [curl] GET parameters added to the URL: `query=%28reviewed%3Atrue+AND+organism_id%3A9606%29&format=tsv&fields=accession%2Cgene_synonym&compre`
[2024-08-29 14:24:50] [curl] Cache file path: `/home/mruscone/.cache/pypath/1e7c0887eac77398fc7201294c896626-stream`
[2024-08-29 14:24:50] [curl] Setting up and calling pycurl.
[2024-08-29 14:25:08] [curl] Opening file `/home/mruscone/.cache/pypath/1e7c0887eac77398fc7201294c896626-stream`
[2024-08-29 14:25:08] [curl] Extracting data from file type `gz`
[2024-08-29 14:25:08] [curl] Opening gzip file `/home/mruscone/.cache/pypath/1e7c0887eac77398fc7201294c896626-stream`.
[2024-08-29 14:25:08] [curl] Result is an iterator over the lines of `/home/mruscone/.cache/pypath/1e7c0887eac77398fc7201294c896626-stream`.
[2024-08-29 14:25:08] [curl] File at `https://rest.uniprot.org/uniprotkb/stream?query=%28reviewed%3Atrue+AND+organism_id%3A9606%29&format=tsv&fields=accession%2Cgene_synonym&compressed=true` successfully retrieved.
                      Resulted file type `gz extracted data, file object`. Local file at `/home/mruscone/.cache/pypath/1e7c0887eac77398fc7201294c896626-stream`.
[2024-08-29 14:25:08] [mapping] Sucessfully loaded mapping table for organism `9606` with identifiers `genesymbol-syn` to `uniprot`.
[2024-08-29 14:25:41] [mapping] Requested to load ID translation table from `genesymbol5` to `uniprot`, organism: 9606.
[2024-08-29 14:25:41] [curl] Creating Curl object to retrieve data from `https://rest.uniprot.org/configure/idmapping/fields`
[2024-08-29 14:25:41] [curl] Cache file path: `/home/mruscone/.cache/pypath/1bdb9a342c85e7f59aa9ee409beb0327-fields`
[2024-08-29 14:25:41] [curl] Setting up and calling pycurl.
[2024-08-29 14:25:41] [curl] Opening file `/home/mruscone/.cache/pypath/1bdb9a342c85e7f59aa9ee409beb0327-fields`
[2024-08-29 14:25:41] [curl] Extracting data from file type `plain`
[2024-08-29 14:25:41] [curl] Opening plain text file `/home/mruscone/.cache/pypath/1bdb9a342c85e7f59aa9ee409beb0327-fields`.
[2024-08-29 14:25:41] [curl] Contents of `/home/mruscone/.cache/pypath/1bdb9a342c85e7f59aa9ee409beb0327-fields` has been read and the file has been closed.
[2024-08-29 14:25:41] [curl] File at `https://rest.uniprot.org/configure/idmapping/fields` successfully retrieved. Resulted file type `plain text, unicode string`. Local file at
                      `/home/mruscone/.cache/pypath/1bdb9a342c85e7f59aa9ee409beb0327-fields`.
[2024-08-29 14:25:41] [mapping] Could not find suitable ID translation table between id types `genesymbol5` and `uniprot` for organism `9606`.
[2024-08-29 14:25:41] [mapping] Could not find suitable ID translation table between id types `genesymbol5` and `uniprot` for organism `9606`.
[2024-08-29 14:25:41] [mapping] Could not find suitable ID translation table between id types `genesymbol5` and `uniprot` for organism `9606`.
[2024-08-29 14:25:41] [mapping] Could not find suitable ID translation table between id types `genesymbol5` and `uniprot` for organism `9606`.
[2024-08-29 14:25:41] [mapping] Could not find suitable ID translation table between id types `genesymbol5` and `uniprot` for organism `9606`.
[2024-08-29 14:25:41] [mapping] Could not find suitable ID translation table between id types `genesymbol5` and `uniprot` for organism `9606`.
[2024-08-29 14:25:41] [mapping] Could not find suitable ID translation table between id types `genesymbol5` and `uniprot` for organism `9606`.
[2024-08-29 14:30:09] [mapping] Removing mapping table `genesymbol` to `swissprot` for organism `9606`.
[2024-08-29 14:30:55] [uniprot_db] Removing UniProt ID list for organism `9606` (SwissProt: None)
[2024-08-29 14:31:39] [mapping] Removing mapping table `uniprot-sec` to `uniprot-pri` for organism `9606`.
[2024-08-29 14:31:39] [mapping] Removing mapping table `trembl` to `genesymbol` for organism `9606`.
[2024-08-29 14:31:39] [mapping] Removing mapping table `uniprot` to `genesymbol` for organism `9606`.
[2024-08-29 14:31:49] [mapping] Removing mapping table `genesymbol5` to `uniprot` for organism `9606`.
[2024-08-29 14:31:49] [mapping] Removing mapping table `genesymbol-syn` to `uniprot` for organism `9606`.
[2024-08-29 14:31:49] [mapping] Removing mapping table `genesymbol` to `uniprot` for organism `9606`.
