[2024-08-29 11:55:27] Welcome!
[2024-08-29 11:55:27] Logger started, logging into `/home/mruscone/Documents/curie/projects/Medulloblastoma_project/Huri_analysis/Notebooks/pypath_log/pypath-lgze8.log`.
[2024-08-29 11:55:27] Session `lgze8` started.
[2024-08-29 11:55:27] Config has been read from the following files:
[2024-08-29 11:55:27]   - /home/mruscone/miniforge3/envs/neko_env/lib/python3.12/site-packages/pypath_common/data/settings.yaml
[2024-08-29 11:55:27] [pypath] 
	- session ID: `lgze8`
	- working directory: `/home/mruscone/Documents/curie/projects/Medulloblastoma_project/Huri_analysis/Notebooks`
	- logfile: `/home/mruscone/Documents/curie/projects/Medulloblastoma_project/Huri_analysis/Notebooks/pypath_log/pypath-lgze8.log`
	- config: 
		- /home/mruscone/miniforge3/envs/neko_env/lib/python3.12/site-packages/pypath_common/data/settings.yaml
	- pypath version: 0.16.16
	- imported from: `/home/mruscone/miniforge3/envs/neko_env/lib/python3.12/site-packages/pypath`
	- Python version: 3.12.5 | packaged by conda-forge | (main, Aug  8 2024, 18:36:51) [GCC 12.4.0]
	- Platform: Linux-6.5.0-1023-oem-x86_64-with-glibc2.35
[2024-08-29 11:55:27] [pypath] pypath
[2024-08-29 11:55:27] [curl] Creating Curl object to retrieve data from `https://www.ebi.ac.uk/unichem/api/v1/sources/`
[2024-08-29 11:55:27] [curl] Cache file path: `/home/mruscone/.cache/pypath/b2a060ead30932cabb4a6e993539989e-`
[2024-08-29 11:55:27] [curl] Cache file found, no need for download.
[2024-08-29 11:55:27] [curl] Loading data from cache previously downloaded from `www.ebi.ac.uk`
[2024-08-29 11:55:27] [curl] Opening file `/home/mruscone/.cache/pypath/b2a060ead30932cabb4a6e993539989e-`
[2024-08-29 11:55:27] [curl] Extracting data from file type `plain`
[2024-08-29 11:55:27] [curl] Opening plain text file `/home/mruscone/.cache/pypath/b2a060ead30932cabb4a6e993539989e-`.
[2024-08-29 11:55:27] [curl] Contents of `/home/mruscone/.cache/pypath/b2a060ead30932cabb4a6e993539989e-` has been read and the file has been closed.
[2024-08-29 11:55:27] [curl] File at `https://www.ebi.ac.uk/unichem/api/v1/sources/` successfully retrieved. Resulted file type `plain text, unicode string`. Local file at
                      `/home/mruscone/.cache/pypath/b2a060ead30932cabb4a6e993539989e-`.
[2024-08-29 11:55:27] [curl] Creating Curl object to retrieve data from `https://www.ensembl.org/info/about/species.html`
[2024-08-29 11:55:27] [curl] Cache file path: `/home/mruscone/.cache/pypath/535b06d53a59e75bb693369bc5fdc556-species.html`
[2024-08-29 11:55:27] [curl] Cache file found, no need for download.
[2024-08-29 11:55:27] [curl] Opening plain text file `/home/mruscone/.cache/pypath/535b06d53a59e75bb693369bc5fdc556-species.html`.
[2024-08-29 11:55:27] [curl] Contents of `/home/mruscone/.cache/pypath/535b06d53a59e75bb693369bc5fdc556-species.html` has been read and the file has been closed.
[2024-08-29 11:55:27] [curl] Creating Curl object to retrieve data from `https://www.ensembl.org/info/about/species.html`
[2024-08-29 11:55:27] [curl] Cache file path: `/home/mruscone/.cache/pypath/535b06d53a59e75bb693369bc5fdc556-species.html`
[2024-08-29 11:55:27] [curl] Cache file found, no need for download.
[2024-08-29 11:55:27] [curl] Opening plain text file `/home/mruscone/.cache/pypath/535b06d53a59e75bb693369bc5fdc556-species.html`.
[2024-08-29 11:55:27] [curl] Contents of `/home/mruscone/.cache/pypath/535b06d53a59e75bb693369bc5fdc556-species.html` has been read and the file has been closed.
[2024-08-29 11:55:27] [curl] Creating Curl object to retrieve data from `https://www.ensembl.org/info/about/species.html`
[2024-08-29 11:55:27] [curl] Cache file path: `/home/mruscone/.cache/pypath/535b06d53a59e75bb693369bc5fdc556-species.html`
[2024-08-29 11:55:27] [curl] Cache file found, no need for download.
[2024-08-29 11:55:27] [curl] Opening plain text file `/home/mruscone/.cache/pypath/535b06d53a59e75bb693369bc5fdc556-species.html`.
[2024-08-29 11:55:27] [curl] Contents of `/home/mruscone/.cache/pypath/535b06d53a59e75bb693369bc5fdc556-species.html` has been read and the file has been closed.
[2024-08-29 11:55:28] [pypath] pypath
[2024-08-29 11:55:28] [curl] Creating Curl object to retrieve data from `https://www.ebi.ac.uk/unichem/api/v1/sources/`
[2024-08-29 11:55:28] [curl] Cache file path: `/home/mruscone/.cache/pypath/b2a060ead30932cabb4a6e993539989e-`
[2024-08-29 11:55:28] [curl] Cache file found, no need for download.
[2024-08-29 11:55:28] [curl] Loading data from cache previously downloaded from `www.ebi.ac.uk`
[2024-08-29 11:55:28] [curl] Opening file `/home/mruscone/.cache/pypath/b2a060ead30932cabb4a6e993539989e-`
[2024-08-29 11:55:28] [curl] Extracting data from file type `plain`
[2024-08-29 11:55:28] [curl] Opening plain text file `/home/mruscone/.cache/pypath/b2a060ead30932cabb4a6e993539989e-`.
[2024-08-29 11:55:28] [curl] Contents of `/home/mruscone/.cache/pypath/b2a060ead30932cabb4a6e993539989e-` has been read and the file has been closed.
[2024-08-29 11:55:28] [curl] File at `https://www.ebi.ac.uk/unichem/api/v1/sources/` successfully retrieved. Resulted file type `plain text, unicode string`. Local file at
                      `/home/mruscone/.cache/pypath/b2a060ead30932cabb4a6e993539989e-`.
[2024-08-29 11:55:28] [curl] Creating Curl object to retrieve data from `https://rampdb.nih.gov/api/id-types`
[2024-08-29 11:55:28] [curl] Cache file path: `/home/mruscone/.cache/pypath/c058901753f61743bf55db935731cff1-id-types`
[2024-08-29 11:55:28] [curl] Cache file found, no need for download.
[2024-08-29 11:55:28] [curl] Opening plain text file `/home/mruscone/.cache/pypath/c058901753f61743bf55db935731cff1-id-types`.
[2024-08-29 11:55:28] [curl] Contents of `/home/mruscone/.cache/pypath/c058901753f61743bf55db935731cff1-id-types` has been read and the file has been closed.
[2024-08-29 11:55:28] [network_resources] Could not find data model for resource `Negatome` in set `negative`.
[2024-08-29 11:55:28] [network_resources] Could not find data model for resource `ORegAnno` in set `transcription_deprecated`.
[2024-08-29 11:55:28] [resource_controller] Loading resource information from JSON file: /home/mruscone/miniforge3/envs/neko_env/lib/python3.12/site-packages/pypath/resources/data/resources.json
[2024-08-29 11:55:28] [resource_controller] Resource information has been read from `/home/mruscone/miniforge3/envs/neko_env/lib/python3.12/site-packages/pypath/resources/data/resources.json`.
[2024-08-29 11:55:28] [licenses] Populating license database from directory `/home/mruscone/miniforge3/envs/neko_env/lib/python3.12/site-packages/pypath/data/licenses`.
[2024-08-29 11:55:28] [licenses] Added license `CC BY-NC-ND 3.0` (purpose = nonprofit, sharing = noderiv, attrib = attrib).
[2024-08-29 11:55:28] [licenses] Added license `ELM` (purpose = academic, sharing = free, attrib = attrib).
[2024-08-29 11:55:28] [licenses] Added license `AFL 3.0` (purpose = academic, sharing = alike, attrib = attrib).
[2024-08-29 11:55:28] [licenses] Added license `EUL` (purpose = academic, sharing = alike, attrib = attrib).
[2024-08-29 11:55:28] [licenses] Added license `Informal` (purpose = commercial, sharing = free, attrib = attrib).
[2024-08-29 11:55:28] [licenses] Added license `MIT` (purpose = commercial, sharing = free, attrib = attrib).
[2024-08-29 11:55:28] [licenses] Added license `miRecords` (purpose = commercial, sharing = free, attrib = attrib).
[2024-08-29 11:55:28] [licenses] Added license `BioCarta` (purpose = academic, sharing = alike, attrib = attrib).
[2024-08-29 11:55:28] [licenses] Added license `Unspecified NC-SA` (purpose = academic, sharing = alike, attrib = attrib).
[2024-08-29 11:55:28] [licenses] Added license `Artistic-2.0` (purpose = commercial, sharing = alike, attrib = attrib).
[2024-08-29 11:55:28] [licenses] Added license `CC BY-NC 2.0` (purpose = academic, sharing = free, attrib = attrib).
[2024-08-29 11:55:28] [licenses] Added license `CC BY 3.0` (purpose = commercial, sharing = free, attrib = attrib).
[2024-08-29 11:55:28] [licenses] Added license `CC BY-ND 3.0` (purpose = commercial, sharing = noderiv, attrib = attrib).
[2024-08-29 11:55:28] [licenses] Added license `GPLv2` (purpose = commercial, sharing = alike, attrib = attrib).
[2024-08-29 11:55:28] [licenses] Added license `CC BY-NC-SA 4.0` (purpose = academic, sharing = alike, attrib = attrib).
[2024-08-29 11:55:28] [licenses] Added license `CC BY-NC-SA 3.0` (purpose = academic, sharing = alike, attrib = attrib).
[2024-08-29 11:55:28] [licenses] Added license `CC BY 4.0` (purpose = commercial, sharing = free, attrib = attrib).
[2024-08-29 11:55:28] [licenses] Added license `Composite` (purpose = composite, sharing = composite, attrib = attrib).
[2024-08-29 11:55:28] [licenses] Added license `PhosphoNetworks` (purpose = non_profit, sharing = alike, attrib = attrib).
[2024-08-29 11:55:28] [licenses] Added license `GPLv3` (purpose = commercial, sharing = alike, attrib = attrib).
[2024-08-29 11:55:28] [licenses] Added license `I2D` (purpose = academic, sharing = free, attrib = attrib).
[2024-08-29 11:55:28] [licenses] Added license `CytoSig` (purpose = non_profit, sharing = alike, attrib = attrib).
[2024-08-29 11:55:28] [licenses] Added license `MPPI` (purpose = commercial, sharing = free, attrib = attrib).
[2024-08-29 11:55:28] [licenses] Added license `OpenTargets` (purpose = academic, sharing = free, attrib = attrib).
[2024-08-29 11:55:28] [licenses] Added license `CC BY-NC-ND 4.0` (purpose = academic, sharing = noderiv, attrib = attrib).
[2024-08-29 11:55:28] [licenses] Added license `LGPLv3` (purpose = commercial, sharing = free, attrib = attrib).
[2024-08-29 11:55:28] [licenses] Added license `EMBL-EBI` (purpose = academic, sharing = free, attrib = attrib).
[2024-08-29 11:55:28] [licenses] Added license `miRTarBase` (purpose = academic, sharing = free, attrib = attrib).
[2024-08-29 11:55:28] [licenses] Added license `KEGG` (purpose = ignore, sharing = ignore, attrib = attrib).
[2024-08-29 11:55:28] [licenses] Added license `CC BY-NC 4.0` (purpose = academic, sharing = free, attrib = attrib).
[2024-08-29 11:55:28] [licenses] Added license `Kinase.com` (purpose = non_profit, sharing = alike, attrib = attrib).
[2024-08-29 11:55:28] [licenses] Added license `HPRD` (purpose = academic, sharing = free, attrib = attrib).
[2024-08-29 11:55:28] [licenses] Added license `CC BY-NC 3.0` (purpose = academic, sharing = free, attrib = attrib).
[2024-08-29 11:55:28] [licenses] Added license `CC BY-SA 3.0` (purpose = commercial, sharing = alike, attrib = attrib).
[2024-08-29 11:55:28] [licenses] Added license `CC BY 2.5` (purpose = commercial, sharing = free, attrib = attrib).
[2024-08-29 11:55:28] [licenses] Added license `CC BY-SA 2.5` (purpose = commercial, sharing = alike, attrib = attrib).
[2024-08-29 11:55:28] [licenses] Added license `CC0 1.0` (purpose = commercial, sharing = free, attrib = noattrib).
[2024-08-29 11:55:28] [licenses] Added license `BSD` (purpose = commercial, sharing = alike, attrib = attrib).
[2024-08-29 11:55:28] [licenses] Added license `HGNC` (purpose = commercial, sharing = free, attrib = attrib).
[2024-08-29 11:55:28] [licenses] Added license `Apache 2.0` (purpose = commercial, sharing = alike, attrib = attrib).
[2024-08-29 11:55:28] [licenses] Added license `DSL` (purpose = commercial, sharing = alike, attrib = attrib).
[2024-08-29 11:55:28] [licenses] Added license `No license` (purpose = ignore, sharing = ignore, attrib = attrib).
[2024-08-29 11:55:28] [licenses] Added license `COSMIC` (purpose = academic, sharing = free, attrib = attrib).
[2024-08-29 11:55:28] [licenses] Added license `PathwayCommons` (purpose = academic, sharing = alike, attrib = attrib).
[2024-08-29 11:55:28] [licenses] Added license `CellCellInteractions` (purpose = non_profit, sharing = alike, attrib = attrib).
[2024-08-29 11:55:28] [licenses] Added license `CC BY-SA 4.0` (purpose = commercial, sharing = alike, attrib = attrib).
[2024-08-29 11:55:28] [licenses] Added license `HPO` (purpose = academic, sharing = alike, attrib = attrib).
[2024-08-29 11:55:28] [licenses] Added license `CC BY-ND 4.0` (purpose = commercial, sharing = noderiv, attrib = attrib).
[2024-08-29 11:55:28] [licenses] Added license `NAR Open Access` (purpose = commercial, sharing = alike, attrib = attrib).
[2024-08-29 11:55:28] [licenses] Added license `PDB` (purpose = commercial, sharing = free, attrib = attrib).
[2024-08-29 11:55:28] [resource_controller] Updating resource license information.
[2024-08-29 11:55:28] [resource_controller] No license for resource `3DComplex`.
[2024-08-29 11:55:28] [resource_controller] Could not find resource `Vidal HI-III`.
[2024-08-29 11:55:28] [resource_controller] Could not find resource `HumanSignalingNetwork`.
[2024-08-29 11:55:28] [resource_controller] Could not find resource `HI-union`.
[2024-08-29 11:55:28] [resource_controller] Could not find resource `CPDB`.
[2024-08-29 11:55:28] [resource_controller] Could not find resource `Laudanna-effects`.
[2024-08-29 11:55:28] [resource_controller] Could not find resource `Laudanna-directions`.
[2024-08-29 11:55:28] [resource_controller] Could not find resource `reaction resources`.
