2024-07-12 12:14:01,660 - IDTranslator_137375133072064 - INFO - Starting ID translation process from Ensembl to UniProtKB-Swiss-Prot
2024-07-12 12:14:01,699 - IDTranslator_137375133072064 - INFO - Loaded 64006 rows with 9094 unique IDs
2024-07-12 12:14:01,701 - IDTranslator_137375133072064 - INFO - No existing progress found. Starting from scratch.
2024-07-12 12:16:20,270 - IDTranslator_137375133072064 - INFO - Processed batch 1/91
2024-07-12 12:16:20,272 - IDTranslator_137375133072064 - INFO - Processed batch 2/91
2024-07-12 12:16:20,273 - IDTranslator_137375133072064 - INFO - Progress saved to checkpoint_batch_2.pkl
2024-07-12 12:16:20,278 - IDTranslator_137375133072064 - INFO - Processed batch 3/91
2024-07-12 12:16:20,359 - IDTranslator_137375133072064 - INFO - Processed batch 4/91
2024-07-12 12:16:20,360 - IDTranslator_137375133072064 - INFO - Progress saved to checkpoint_batch_4.pkl
2024-07-12 12:16:21,514 - IDTranslator_137375133072064 - INFO - Processed batch 5/91
2024-07-12 12:16:21,534 - IDTranslator_137375133072064 - INFO - Processed batch 6/91
2024-07-12 12:16:21,536 - IDTranslator_137375133072064 - INFO - Progress saved to checkpoint_batch_6.pkl
2024-07-12 12:16:21,541 - IDTranslator_137375133072064 - INFO - Processed batch 7/91
2024-07-12 12:16:21,604 - IDTranslator_137375133072064 - INFO - Processed batch 8/91
2024-07-12 12:16:21,605 - IDTranslator_137375133072064 - INFO - Progress saved to checkpoint_batch_8.pkl
2024-07-12 12:16:22,627 - IDTranslator_137375133072064 - INFO - Processed batch 9/91
2024-07-12 12:16:22,640 - IDTranslator_137375133072064 - INFO - Processed batch 10/91
2024-07-12 12:16:22,642 - IDTranslator_137375133072064 - INFO - Progress saved to checkpoint_batch_10.pkl
2024-07-12 12:16:22,799 - IDTranslator_137375133072064 - INFO - Processed batch 11/91
2024-07-12 12:16:23,775 - IDTranslator_137375133072064 - INFO - Processed batch 12/91
2024-07-12 12:16:23,777 - IDTranslator_137375133072064 - INFO - Progress saved to checkpoint_batch_12.pkl
2024-07-12 12:18:26,767 - IDTranslator_137375133072064 - INFO - Processed batch 13/91
2024-07-12 12:18:27,121 - IDTranslator_137375133072064 - INFO - Processed batch 14/91
2024-07-12 12:18:27,123 - IDTranslator_137375133072064 - INFO - Progress saved to checkpoint_batch_14.pkl
2024-07-12 12:18:27,758 - IDTranslator_137375133072064 - INFO - Processed batch 15/91
2024-07-12 12:18:27,912 - IDTranslator_137375133072064 - INFO - Processed batch 16/91
2024-07-12 12:18:27,914 - IDTranslator_137375133072064 - INFO - Progress saved to checkpoint_batch_16.pkl
2024-07-12 12:18:27,998 - IDTranslator_137375133072064 - INFO - Processed batch 17/91
2024-07-12 12:18:28,141 - IDTranslator_137375133072064 - INFO - Processed batch 18/91
2024-07-12 12:18:28,143 - IDTranslator_137375133072064 - INFO - Progress saved to checkpoint_batch_18.pkl
2024-07-12 12:18:29,224 - IDTranslator_137375133072064 - INFO - Processed batch 19/91
2024-07-12 12:18:29,228 - IDTranslator_137375133072064 - INFO - Processed batch 20/91
2024-07-12 12:18:29,230 - IDTranslator_137375133072064 - INFO - Progress saved to checkpoint_batch_20.pkl
2024-07-12 12:18:29,252 - IDTranslator_137375133072064 - INFO - Processed batch 21/91
2024-07-12 12:18:29,303 - IDTranslator_137375133072064 - INFO - Processed batch 22/91
2024-07-12 12:18:29,305 - IDTranslator_137375133072064 - INFO - Progress saved to checkpoint_batch_22.pkl
2024-07-12 12:18:29,507 - IDTranslator_137375133072064 - INFO - Processed batch 23/91
2024-07-12 12:18:30,469 - IDTranslator_137375133072064 - INFO - Processed batch 24/91
2024-07-12 12:18:30,472 - IDTranslator_137375133072064 - INFO - Progress saved to checkpoint_batch_24.pkl
2024-07-12 12:20:41,798 - IDTranslator_137375133072064 - INFO - Processed batch 25/91
2024-07-12 12:20:41,909 - IDTranslator_137375133072064 - INFO - Processed batch 26/91
2024-07-12 12:20:41,911 - IDTranslator_137375133072064 - INFO - Progress saved to checkpoint_batch_26.pkl
2024-07-12 12:20:41,995 - IDTranslator_137375133072064 - INFO - Processed batch 27/91
2024-07-12 12:20:41,999 - IDTranslator_137375133072064 - INFO - Processed batch 28/91
2024-07-12 12:20:42,001 - IDTranslator_137375133072064 - INFO - Progress saved to checkpoint_batch_28.pkl
2024-07-12 12:20:42,057 - IDTranslator_137375133072064 - INFO - Processed batch 29/91
2024-07-12 12:20:43,046 - IDTranslator_137375133072064 - INFO - Processed batch 30/91
2024-07-12 12:20:43,048 - IDTranslator_137375133072064 - INFO - Progress saved to checkpoint_batch_30.pkl
2024-07-12 12:20:43,078 - IDTranslator_137375133072064 - INFO - Processed batch 31/91
2024-07-12 12:20:43,234 - IDTranslator_137375133072064 - INFO - Processed batch 32/91
2024-07-12 12:20:43,235 - IDTranslator_137375133072064 - INFO - Progress saved to checkpoint_batch_32.pkl
2024-07-12 12:20:43,260 - IDTranslator_137375133072064 - INFO - Processed batch 33/91
2024-07-12 12:20:44,588 - IDTranslator_137375133072064 - INFO - Processed batch 34/91
2024-07-12 12:20:44,590 - IDTranslator_137375133072064 - INFO - Progress saved to checkpoint_batch_34.pkl
2024-07-12 12:20:44,830 - IDTranslator_137375133072064 - INFO - Processed batch 35/91
2024-07-12 12:20:45,750 - IDTranslator_137375133072064 - INFO - Processed batch 36/91
2024-07-12 12:20:45,753 - IDTranslator_137375133072064 - INFO - Progress saved to checkpoint_batch_36.pkl
2024-07-12 12:22:50,991 - IDTranslator_137375133072064 - INFO - Processed batch 37/91
2024-07-12 12:22:51,082 - IDTranslator_137375133072064 - INFO - Processed batch 38/91
2024-07-12 12:22:51,085 - IDTranslator_137375133072064 - INFO - Progress saved to checkpoint_batch_38.pkl
2024-07-12 12:22:51,960 - IDTranslator_137375133072064 - INFO - Processed batch 39/91
2024-07-12 12:22:52,167 - IDTranslator_137375133072064 - INFO - Processed batch 40/91
2024-07-12 12:22:52,169 - IDTranslator_137375133072064 - INFO - Progress saved to checkpoint_batch_40.pkl
2024-07-12 12:22:57,184 - IDTranslator_137375133072064 - INFO - Processed batch 41/91
2024-07-12 12:22:57,185 - IDTranslator_137375133072064 - INFO - Processed batch 42/91
2024-07-12 12:22:57,187 - IDTranslator_137375133072064 - INFO - Progress saved to checkpoint_batch_42.pkl
2024-07-12 12:22:57,212 - IDTranslator_137375133072064 - INFO - Processed batch 43/91
2024-07-12 12:22:58,327 - IDTranslator_137375133072064 - INFO - Processed batch 44/91
2024-07-12 12:22:58,330 - IDTranslator_137375133072064 - INFO - Progress saved to checkpoint_batch_44.pkl
2024-07-12 12:22:58,425 - IDTranslator_137375133072064 - INFO - Processed batch 45/91
2024-07-12 12:22:58,457 - IDTranslator_137375133072064 - INFO - Processed batch 46/91
2024-07-12 12:22:58,460 - IDTranslator_137375133072064 - INFO - Progress saved to checkpoint_batch_46.pkl
2024-07-12 12:22:59,674 - IDTranslator_137375133072064 - INFO - Processed batch 47/91
2024-07-12 12:22:59,984 - IDTranslator_137375133072064 - INFO - Processed batch 48/91
2024-07-12 12:22:59,986 - IDTranslator_137375133072064 - INFO - Progress saved to checkpoint_batch_48.pkl
2024-07-12 12:25:00,722 - IDTranslator_137375133072064 - INFO - Processed batch 49/91
2024-07-12 12:25:00,763 - IDTranslator_137375133072064 - INFO - Processed batch 50/91
2024-07-12 12:25:00,766 - IDTranslator_137375133072064 - INFO - Progress saved to checkpoint_batch_50.pkl
2024-07-12 12:25:01,485 - IDTranslator_137375133072064 - INFO - Processed batch 51/91
2024-07-12 12:25:01,778 - IDTranslator_137375133072064 - INFO - Processed batch 52/91
2024-07-12 12:25:01,780 - IDTranslator_137375133072064 - INFO - Progress saved to checkpoint_batch_52.pkl
2024-07-12 12:25:01,834 - IDTranslator_137375133072064 - INFO - Processed batch 53/91
2024-07-12 12:25:02,012 - IDTranslator_137375133072064 - INFO - Processed batch 54/91
2024-07-12 12:25:02,015 - IDTranslator_137375133072064 - INFO - Progress saved to checkpoint_batch_54.pkl
2024-07-12 12:25:03,029 - IDTranslator_137375133072064 - INFO - Processed batch 55/91
2024-07-12 12:25:03,217 - IDTranslator_137375133072064 - INFO - Processed batch 56/91
2024-07-12 12:25:03,219 - IDTranslator_137375133072064 - INFO - Progress saved to checkpoint_batch_56.pkl
2024-07-12 12:25:03,564 - IDTranslator_137375133072064 - INFO - Processed batch 57/91
2024-07-12 12:25:04,262 - IDTranslator_137375133072064 - INFO - Processed batch 58/91
2024-07-12 12:25:04,264 - IDTranslator_137375133072064 - INFO - Progress saved to checkpoint_batch_58.pkl
2024-07-12 12:25:04,378 - IDTranslator_137375133072064 - INFO - Processed batch 59/91
2024-07-12 12:25:05,527 - IDTranslator_137375133072064 - INFO - Processed batch 60/91
2024-07-12 12:25:05,529 - IDTranslator_137375133072064 - INFO - Progress saved to checkpoint_batch_60.pkl
2024-07-12 12:27:06,153 - IDTranslator_137375133072064 - INFO - Processed batch 61/91
2024-07-12 12:27:06,271 - IDTranslator_137375133072064 - INFO - Processed batch 62/91
2024-07-12 12:27:06,274 - IDTranslator_137375133072064 - INFO - Progress saved to checkpoint_batch_62.pkl
2024-07-12 12:27:07,096 - IDTranslator_137375133072064 - INFO - Processed batch 63/91
2024-07-12 12:27:07,559 - IDTranslator_137375133072064 - INFO - Processed batch 64/91
2024-07-12 12:27:07,562 - IDTranslator_137375133072064 - INFO - Progress saved to checkpoint_batch_64.pkl
2024-07-12 12:27:07,563 - IDTranslator_137375133072064 - INFO - Processed batch 65/91
2024-07-12 12:27:08,861 - IDTranslator_137375133072064 - INFO - Processed batch 66/91
2024-07-12 12:27:08,864 - IDTranslator_137375133072064 - INFO - Progress saved to checkpoint_batch_66.pkl
2024-07-12 12:27:09,787 - IDTranslator_137375133072064 - INFO - Processed batch 67/91
2024-07-12 12:27:10,016 - IDTranslator_137375133072064 - INFO - Processed batch 68/91
2024-07-12 12:27:10,019 - IDTranslator_137375133072064 - INFO - Progress saved to checkpoint_batch_68.pkl
2024-07-12 12:27:10,027 - IDTranslator_137375133072064 - INFO - Processed batch 69/91
2024-07-12 12:27:10,060 - IDTranslator_137375133072064 - INFO - Processed batch 70/91
2024-07-12 12:27:10,063 - IDTranslator_137375133072064 - INFO - Progress saved to checkpoint_batch_70.pkl
2024-07-12 12:27:10,466 - IDTranslator_137375133072064 - INFO - Processed batch 71/91
2024-07-12 12:27:11,849 - IDTranslator_137375133072064 - INFO - Processed batch 72/91
2024-07-12 12:27:11,851 - IDTranslator_137375133072064 - INFO - Progress saved to checkpoint_batch_72.pkl
2024-07-12 12:29:10,677 - IDTranslator_137375133072064 - INFO - Processed batch 73/91
2024-07-12 12:29:11,104 - IDTranslator_137375133072064 - INFO - Processed batch 74/91
2024-07-12 12:29:11,107 - IDTranslator_137375133072064 - INFO - Progress saved to checkpoint_batch_74.pkl
2024-07-12 12:29:11,901 - IDTranslator_137375133072064 - INFO - Processed batch 75/91
2024-07-12 12:29:11,996 - IDTranslator_137375133072064 - INFO - Processed batch 76/91
2024-07-12 12:29:11,999 - IDTranslator_137375133072064 - INFO - Progress saved to checkpoint_batch_76.pkl
2024-07-12 12:29:12,110 - IDTranslator_137375133072064 - INFO - Processed batch 77/91
2024-07-12 12:29:13,004 - IDTranslator_137375133072064 - INFO - Processed batch 78/91
2024-07-12 12:29:13,008 - IDTranslator_137375133072064 - INFO - Progress saved to checkpoint_batch_78.pkl
2024-07-12 12:29:14,103 - IDTranslator_137375133072064 - INFO - Processed batch 79/91
2024-07-12 12:29:14,164 - IDTranslator_137375133072064 - INFO - Processed batch 80/91
2024-07-12 12:29:14,168 - IDTranslator_137375133072064 - INFO - Progress saved to checkpoint_batch_80.pkl
2024-07-12 12:29:14,213 - IDTranslator_137375133072064 - INFO - Processed batch 81/91
2024-07-12 12:29:15,131 - IDTranslator_137375133072064 - INFO - Processed batch 82/91
2024-07-12 12:29:15,135 - IDTranslator_137375133072064 - INFO - Progress saved to checkpoint_batch_82.pkl
2024-07-12 12:29:15,253 - IDTranslator_137375133072064 - INFO - Processed batch 83/91
2024-07-12 12:29:16,689 - IDTranslator_137375133072064 - INFO - Processed batch 84/91
2024-07-12 12:29:16,692 - IDTranslator_137375133072064 - INFO - Progress saved to checkpoint_batch_84.pkl
2024-07-12 12:31:12,327 - IDTranslator_137375133072064 - INFO - Processed batch 85/91
2024-07-12 12:31:15,186 - IDTranslator_137375133072064 - INFO - Processed batch 86/91
2024-07-12 12:31:15,189 - IDTranslator_137375133072064 - INFO - Progress saved to checkpoint_batch_86.pkl
2024-07-12 12:31:16,321 - IDTranslator_137375133072064 - INFO - Processed batch 87/91
2024-07-12 12:31:16,323 - IDTranslator_137375133072064 - INFO - Processed batch 88/91
2024-07-12 12:31:16,325 - IDTranslator_137375133072064 - INFO - Progress saved to checkpoint_batch_88.pkl
2024-07-12 12:31:16,475 - IDTranslator_137375133072064 - INFO - Processed batch 89/91
2024-07-12 12:31:17,082 - IDTranslator_137375133072064 - INFO - Processed batch 90/91
2024-07-12 12:31:17,086 - IDTranslator_137375133072064 - INFO - Progress saved to checkpoint_batch_90.pkl
2024-07-12 12:31:18,318 - IDTranslator_137375133072064 - INFO - Processed batch 91/91
2024-07-12 12:31:18,321 - IDTranslator_137375133072064 - INFO - Progress saved to checkpoint_batch_91.pkl
2024-07-12 12:31:18,333 - IDTranslator_137375133072064 - INFO - Applying translation to dataframe...
2024-07-12 12:31:45,805 - IDTranslator_137375133072064 - INFO - Results saved to ../data/HI-union_translated.csv
2024-07-12 12:31:45,893 - IDTranslator_137375133072064 - INFO - ID translation process completed in 1064.23 seconds
2024-07-12 12:31:45,899 - IDTranslator_137375133072064 - INFO - Original entry count: 64065
2024-07-12 12:31:45,900 - IDTranslator_137375133072064 - INFO - Translated entry count: 64065
2024-07-12 12:31:45,901 - IDTranslator_137375133072064 - INFO - Expansion factor: 1.00
2024-07-12 12:31:45,901 - IDTranslator_137375133072064 - INFO - Translation success rate: 100.00%
2024-07-12 12:31:45,918 - IDTranslator_137376234816128 - INFO - Starting ID translation process from Ensembl to UniProtKB-Swiss-Prot
2024-07-12 12:31:45,936 - IDTranslator_137376234816128 - INFO - Loaded 52548 rows with 8272 unique IDs
2024-07-12 12:31:45,938 - IDTranslator_137376234816128 - INFO - No existing progress found. Starting from scratch.
2024-07-12 12:33:55,720 - IDTranslator_137376234816128 - INFO - Processed batch 1/83
2024-07-12 12:33:55,763 - IDTranslator_137376234816128 - INFO - Processed batch 2/83
2024-07-12 12:33:55,765 - IDTranslator_137376234816128 - INFO - Progress saved to checkpoint_batch_2.pkl
2024-07-12 12:33:55,766 - IDTranslator_137376234816128 - INFO - Processed batch 3/83
2024-07-12 12:33:56,740 - IDTranslator_137376234816128 - INFO - Processed batch 4/83
2024-07-12 12:33:56,741 - IDTranslator_137376234816128 - INFO - Progress saved to checkpoint_batch_4.pkl
2024-07-12 12:33:56,832 - IDTranslator_137376234816128 - INFO - Processed batch 5/83
2024-07-12 12:33:56,834 - IDTranslator_137376234816128 - INFO - Processed batch 6/83
2024-07-12 12:33:56,835 - IDTranslator_137376234816128 - INFO - Progress saved to checkpoint_batch_6.pkl
2024-07-12 12:33:56,950 - IDTranslator_137376234816128 - INFO - Processed batch 7/83
2024-07-12 12:33:57,084 - IDTranslator_137376234816128 - INFO - Processed batch 8/83
2024-07-12 12:33:57,085 - IDTranslator_137376234816128 - INFO - Progress saved to checkpoint_batch_8.pkl
2024-07-12 12:33:57,096 - IDTranslator_137376234816128 - INFO - Processed batch 9/83
2024-07-12 12:33:57,168 - IDTranslator_137376234816128 - INFO - Processed batch 10/83
2024-07-12 12:33:57,170 - IDTranslator_137376234816128 - INFO - Progress saved to checkpoint_batch_10.pkl
2024-07-12 12:33:57,231 - IDTranslator_137376234816128 - INFO - Processed batch 11/83
2024-07-12 12:33:58,021 - IDTranslator_137376234816128 - INFO - Processed batch 12/83
2024-07-12 12:33:58,032 - IDTranslator_137376234816128 - INFO - Progress saved to checkpoint_batch_12.pkl
2024-07-12 12:36:10,258 - IDTranslator_137376234816128 - INFO - Processed batch 13/83
2024-07-12 12:36:11,520 - IDTranslator_137376234816128 - INFO - Processed batch 14/83
2024-07-12 12:36:11,522 - IDTranslator_137376234816128 - INFO - Progress saved to checkpoint_batch_14.pkl
2024-07-12 12:36:11,643 - IDTranslator_137376234816128 - INFO - Processed batch 15/83
2024-07-12 12:36:12,462 - IDTranslator_137376234816128 - INFO - Processed batch 16/83
2024-07-12 12:36:12,464 - IDTranslator_137376234816128 - INFO - Progress saved to checkpoint_batch_16.pkl
2024-07-12 12:36:12,535 - IDTranslator_137376234816128 - INFO - Processed batch 17/83
2024-07-12 12:36:12,788 - IDTranslator_137376234816128 - INFO - Processed batch 18/83
2024-07-12 12:36:12,790 - IDTranslator_137376234816128 - INFO - Progress saved to checkpoint_batch_18.pkl
2024-07-12 12:36:12,812 - IDTranslator_137376234816128 - INFO - Processed batch 19/83
2024-07-12 12:36:12,853 - IDTranslator_137376234816128 - INFO - Processed batch 20/83
2024-07-12 12:36:12,855 - IDTranslator_137376234816128 - INFO - Progress saved to checkpoint_batch_20.pkl
2024-07-12 12:36:12,910 - IDTranslator_137376234816128 - INFO - Processed batch 21/83
2024-07-12 12:36:12,914 - IDTranslator_137376234816128 - INFO - Processed batch 22/83
2024-07-12 12:36:12,915 - IDTranslator_137376234816128 - INFO - Progress saved to checkpoint_batch_22.pkl
2024-07-12 12:36:12,919 - IDTranslator_137376234816128 - INFO - Processed batch 23/83
2024-07-12 12:36:14,222 - IDTranslator_137376234816128 - INFO - Processed batch 24/83
2024-07-12 12:36:14,224 - IDTranslator_137376234816128 - INFO - Progress saved to checkpoint_batch_24.pkl
2024-07-12 12:38:21,214 - IDTranslator_137376234816128 - INFO - Processed batch 25/83
2024-07-12 12:38:22,981 - IDTranslator_137376234816128 - INFO - Processed batch 26/83
2024-07-12 12:38:22,982 - IDTranslator_137376234816128 - INFO - Progress saved to checkpoint_batch_26.pkl
2024-07-12 12:38:23,134 - IDTranslator_137376234816128 - INFO - Processed batch 27/83
2024-07-12 12:38:23,194 - IDTranslator_137376234816128 - INFO - Processed batch 28/83
2024-07-12 12:38:23,196 - IDTranslator_137376234816128 - INFO - Progress saved to checkpoint_batch_28.pkl
2024-07-12 12:38:24,047 - IDTranslator_137376234816128 - INFO - Processed batch 29/83
2024-07-12 12:38:24,124 - IDTranslator_137376234816128 - INFO - Processed batch 30/83
2024-07-12 12:38:24,125 - IDTranslator_137376234816128 - INFO - Progress saved to checkpoint_batch_30.pkl
2024-07-12 12:38:24,208 - IDTranslator_137376234816128 - INFO - Processed batch 31/83
2024-07-12 12:38:24,307 - IDTranslator_137376234816128 - INFO - Processed batch 32/83
2024-07-12 12:38:24,309 - IDTranslator_137376234816128 - INFO - Progress saved to checkpoint_batch_32.pkl
2024-07-12 12:38:24,407 - IDTranslator_137376234816128 - INFO - Processed batch 33/83
2024-07-12 12:38:24,602 - IDTranslator_137376234816128 - INFO - Processed batch 34/83
2024-07-12 12:38:24,604 - IDTranslator_137376234816128 - INFO - Progress saved to checkpoint_batch_34.pkl
2024-07-12 12:38:24,820 - IDTranslator_137376234816128 - INFO - Processed batch 35/83
2024-07-12 12:38:25,950 - IDTranslator_137376234816128 - INFO - Processed batch 36/83
2024-07-12 12:38:25,952 - IDTranslator_137376234816128 - INFO - Progress saved to checkpoint_batch_36.pkl
2024-07-12 12:40:26,368 - IDTranslator_137376234816128 - INFO - Processed batch 37/83
2024-07-12 12:40:27,296 - IDTranslator_137376234816128 - INFO - Processed batch 38/83
2024-07-12 12:40:27,299 - IDTranslator_137376234816128 - INFO - Progress saved to checkpoint_batch_38.pkl
2024-07-12 12:40:27,671 - IDTranslator_137376234816128 - INFO - Processed batch 39/83
2024-07-12 12:40:28,000 - IDTranslator_137376234816128 - INFO - Processed batch 40/83
2024-07-12 12:40:28,003 - IDTranslator_137376234816128 - INFO - Progress saved to checkpoint_batch_40.pkl
2024-07-12 12:40:28,426 - IDTranslator_137376234816128 - INFO - Processed batch 41/83
2024-07-12 12:40:28,862 - IDTranslator_137376234816128 - INFO - Processed batch 42/83
2024-07-12 12:40:28,865 - IDTranslator_137376234816128 - INFO - Progress saved to checkpoint_batch_42.pkl
2024-07-12 12:40:28,920 - IDTranslator_137376234816128 - INFO - Processed batch 43/83
2024-07-12 12:40:29,178 - IDTranslator_137376234816128 - INFO - Processed batch 44/83
2024-07-12 12:40:29,180 - IDTranslator_137376234816128 - INFO - Progress saved to checkpoint_batch_44.pkl
2024-07-12 12:40:29,605 - IDTranslator_137376234816128 - INFO - Processed batch 45/83
2024-07-12 12:40:29,655 - IDTranslator_137376234816128 - INFO - Processed batch 46/83
2024-07-12 12:40:29,657 - IDTranslator_137376234816128 - INFO - Progress saved to checkpoint_batch_46.pkl
2024-07-12 12:40:29,675 - IDTranslator_137376234816128 - INFO - Processed batch 47/83
2024-07-12 12:40:31,059 - IDTranslator_137376234816128 - INFO - Processed batch 48/83
2024-07-12 12:40:31,062 - IDTranslator_137376234816128 - INFO - Progress saved to checkpoint_batch_48.pkl
2024-07-12 12:42:45,289 - IDTranslator_137376234816128 - INFO - Processed batch 49/83
2024-07-12 12:42:46,636 - IDTranslator_137376234816128 - INFO - Processed batch 50/83
2024-07-12 12:42:46,638 - IDTranslator_137376234816128 - INFO - Progress saved to checkpoint_batch_50.pkl
2024-07-12 12:42:46,645 - IDTranslator_137376234816128 - INFO - Processed batch 51/83
2024-07-12 12:42:47,668 - IDTranslator_137376234816128 - INFO - Processed batch 52/83
2024-07-12 12:42:47,670 - IDTranslator_137376234816128 - INFO - Progress saved to checkpoint_batch_52.pkl
2024-07-12 12:42:47,771 - IDTranslator_137376234816128 - INFO - Processed batch 53/83
2024-07-12 12:42:47,779 - IDTranslator_137376234816128 - INFO - Processed batch 54/83
2024-07-12 12:42:47,781 - IDTranslator_137376234816128 - INFO - Progress saved to checkpoint_batch_54.pkl
2024-07-12 12:42:47,792 - IDTranslator_137376234816128 - INFO - Processed batch 55/83
2024-07-12 12:42:47,797 - IDTranslator_137376234816128 - INFO - Processed batch 56/83
2024-07-12 12:42:47,800 - IDTranslator_137376234816128 - INFO - Progress saved to checkpoint_batch_56.pkl
2024-07-12 12:42:47,883 - IDTranslator_137376234816128 - INFO - Processed batch 57/83
2024-07-12 12:42:49,118 - IDTranslator_137376234816128 - INFO - Processed batch 58/83
2024-07-12 12:42:49,121 - IDTranslator_137376234816128 - INFO - Progress saved to checkpoint_batch_58.pkl
2024-07-12 12:42:49,140 - IDTranslator_137376234816128 - INFO - Processed batch 59/83
2024-07-12 12:42:50,354 - IDTranslator_137376234816128 - INFO - Processed batch 60/83
2024-07-12 12:42:50,357 - IDTranslator_137376234816128 - INFO - Progress saved to checkpoint_batch_60.pkl
2024-07-12 12:44:54,802 - IDTranslator_137376234816128 - INFO - Processed batch 61/83
2024-07-12 12:44:56,977 - IDTranslator_137376234816128 - INFO - Processed batch 62/83
2024-07-12 12:44:56,980 - IDTranslator_137376234816128 - INFO - Progress saved to checkpoint_batch_62.pkl
2024-07-12 12:44:57,025 - IDTranslator_137376234816128 - INFO - Processed batch 63/83
2024-07-12 12:44:57,152 - IDTranslator_137376234816128 - INFO - Processed batch 64/83
2024-07-12 12:44:57,154 - IDTranslator_137376234816128 - INFO - Progress saved to checkpoint_batch_64.pkl
2024-07-12 12:44:57,205 - IDTranslator_137376234816128 - INFO - Processed batch 65/83
2024-07-12 12:44:57,265 - IDTranslator_137376234816128 - INFO - Processed batch 66/83
2024-07-12 12:44:57,268 - IDTranslator_137376234816128 - INFO - Progress saved to checkpoint_batch_66.pkl
2024-07-12 12:44:57,732 - IDTranslator_137376234816128 - INFO - Processed batch 67/83
2024-07-12 12:44:57,973 - IDTranslator_137376234816128 - INFO - Processed batch 68/83
2024-07-12 12:44:57,975 - IDTranslator_137376234816128 - INFO - Progress saved to checkpoint_batch_68.pkl
2024-07-12 12:44:58,535 - IDTranslator_137376234816128 - INFO - Processed batch 69/83
2024-07-12 12:44:59,666 - IDTranslator_137376234816128 - INFO - Processed batch 70/83
2024-07-12 12:44:59,669 - IDTranslator_137376234816128 - INFO - Progress saved to checkpoint_batch_70.pkl
2024-07-12 12:44:59,810 - IDTranslator_137376234816128 - INFO - Processed batch 71/83
2024-07-12 12:45:01,687 - IDTranslator_137376234816128 - INFO - Processed batch 72/83
2024-07-12 12:45:01,690 - IDTranslator_137376234816128 - INFO - Progress saved to checkpoint_batch_72.pkl
2024-07-12 12:46:34,372 - IDTranslator_137376234816128 - INFO - Processed batch 73/83
2024-07-12 12:47:08,105 - IDTranslator_137376234816128 - INFO - Processed batch 74/83
2024-07-12 12:47:08,109 - IDTranslator_137376234816128 - INFO - Progress saved to checkpoint_batch_74.pkl
2024-07-12 12:47:10,550 - IDTranslator_137376234816128 - INFO - Processed batch 75/83
2024-07-12 12:47:10,605 - IDTranslator_137376234816128 - INFO - Processed batch 76/83
2024-07-12 12:47:10,607 - IDTranslator_137376234816128 - INFO - Progress saved to checkpoint_batch_76.pkl
2024-07-12 12:47:10,664 - IDTranslator_137376234816128 - INFO - Processed batch 77/83
2024-07-12 12:47:10,723 - IDTranslator_137376234816128 - INFO - Processed batch 78/83
2024-07-12 12:47:10,726 - IDTranslator_137376234816128 - INFO - Progress saved to checkpoint_batch_78.pkl
2024-07-12 12:47:11,785 - IDTranslator_137376234816128 - INFO - Processed batch 79/83
2024-07-12 12:47:12,014 - IDTranslator_137376234816128 - INFO - Processed batch 80/83
2024-07-12 12:47:12,017 - IDTranslator_137376234816128 - INFO - Progress saved to checkpoint_batch_80.pkl
2024-07-12 12:47:12,080 - IDTranslator_137376234816128 - INFO - Processed batch 81/83
2024-07-12 12:47:13,031 - IDTranslator_137376234816128 - INFO - Processed batch 82/83
2024-07-12 12:47:13,034 - IDTranslator_137376234816128 - INFO - Progress saved to checkpoint_batch_82.pkl
2024-07-12 12:47:14,249 - IDTranslator_137376234816128 - INFO - Processed batch 83/83
2024-07-12 12:47:14,252 - IDTranslator_137376234816128 - INFO - Progress saved to checkpoint_batch_83.pkl
2024-07-12 12:47:14,268 - IDTranslator_137376234816128 - INFO - Applying translation to dataframe...
2024-07-12 12:47:36,563 - IDTranslator_137376234816128 - INFO - Results saved to ../data/HuRI_translated.csv
2024-07-12 12:47:36,634 - IDTranslator_137376234816128 - INFO - ID translation process completed in 950.72 seconds
2024-07-12 12:47:36,639 - IDTranslator_137376234816128 - INFO - Original entry count: 52596
2024-07-12 12:47:36,640 - IDTranslator_137376234816128 - INFO - Translated entry count: 52596
2024-07-12 12:47:36,641 - IDTranslator_137376234816128 - INFO - Expansion factor: 1.00
2024-07-12 12:47:36,642 - IDTranslator_137376234816128 - INFO - Translation success rate: 100.00%
2024-07-12 12:47:36,658 - IDTranslator_137376234981312 - INFO - Starting ID translation process from Ensembl to UniProtKB-Swiss-Prot
2024-07-12 12:47:36,666 - IDTranslator_137376234981312 - INFO - Loaded 13441 rows with 6047 unique IDs
2024-07-12 12:47:36,667 - IDTranslator_137376234981312 - INFO - No existing progress found. Starting from scratch.
2024-07-12 12:49:41,358 - IDTranslator_137376234981312 - INFO - Processed batch 1/61
2024-07-12 12:49:41,582 - IDTranslator_137376234981312 - INFO - Processed batch 2/61
2024-07-12 12:49:41,583 - IDTranslator_137376234981312 - INFO - Progress saved to checkpoint_batch_2.pkl
2024-07-12 12:49:41,637 - IDTranslator_137376234981312 - INFO - Processed batch 3/61
2024-07-12 12:49:41,808 - IDTranslator_137376234981312 - INFO - Processed batch 4/61
2024-07-12 12:49:41,810 - IDTranslator_137376234981312 - INFO - Progress saved to checkpoint_batch_4.pkl
2024-07-12 12:49:42,022 - IDTranslator_137376234981312 - INFO - Processed batch 5/61
2024-07-12 12:49:42,027 - IDTranslator_137376234981312 - INFO - Processed batch 6/61
2024-07-12 12:49:42,028 - IDTranslator_137376234981312 - INFO - Progress saved to checkpoint_batch_6.pkl
2024-07-12 12:49:42,075 - IDTranslator_137376234981312 - INFO - Processed batch 7/61
2024-07-12 12:49:42,537 - IDTranslator_137376234981312 - INFO - Processed batch 8/61
2024-07-12 12:49:42,538 - IDTranslator_137376234981312 - INFO - Progress saved to checkpoint_batch_8.pkl
2024-07-12 12:49:42,555 - IDTranslator_137376234981312 - INFO - Processed batch 9/61
2024-07-12 12:49:42,916 - IDTranslator_137376234981312 - INFO - Processed batch 10/61
2024-07-12 12:49:42,918 - IDTranslator_137376234981312 - INFO - Progress saved to checkpoint_batch_10.pkl
2024-07-12 12:49:43,178 - IDTranslator_137376234981312 - INFO - Processed batch 11/61
2024-07-12 12:49:43,249 - IDTranslator_137376234981312 - INFO - Processed batch 12/61
2024-07-12 12:49:43,251 - IDTranslator_137376234981312 - INFO - Progress saved to checkpoint_batch_12.pkl
2024-07-12 12:51:45,895 - IDTranslator_137376234981312 - INFO - Processed batch 13/61
2024-07-12 12:51:51,035 - IDTranslator_137376234981312 - INFO - Processed batch 14/61
2024-07-12 12:51:51,037 - IDTranslator_137376234981312 - INFO - Progress saved to checkpoint_batch_14.pkl
2024-07-12 12:51:51,051 - IDTranslator_137376234981312 - INFO - Processed batch 15/61
2024-07-12 12:51:51,054 - IDTranslator_137376234981312 - INFO - Processed batch 16/61
2024-07-12 12:51:51,057 - IDTranslator_137376234981312 - INFO - Progress saved to checkpoint_batch_16.pkl
2024-07-12 12:51:51,058 - IDTranslator_137376234981312 - INFO - Processed batch 17/61
2024-07-12 12:51:51,059 - IDTranslator_137376234981312 - INFO - Processed batch 18/61
2024-07-12 12:51:51,060 - IDTranslator_137376234981312 - INFO - Progress saved to checkpoint_batch_18.pkl
2024-07-12 12:51:51,061 - IDTranslator_137376234981312 - INFO - Processed batch 19/61
2024-07-12 12:51:52,266 - IDTranslator_137376234981312 - INFO - Processed batch 20/61
2024-07-12 12:51:52,268 - IDTranslator_137376234981312 - INFO - Progress saved to checkpoint_batch_20.pkl
2024-07-12 12:51:52,290 - IDTranslator_137376234981312 - INFO - Processed batch 21/61
2024-07-12 12:51:52,298 - IDTranslator_137376234981312 - INFO - Processed batch 22/61
2024-07-12 12:51:52,300 - IDTranslator_137376234981312 - INFO - Progress saved to checkpoint_batch_22.pkl
2024-07-12 12:51:52,305 - IDTranslator_137376234981312 - INFO - Processed batch 23/61
2024-07-12 12:51:54,055 - IDTranslator_137376234981312 - INFO - Processed batch 24/61
2024-07-12 12:51:54,057 - IDTranslator_137376234981312 - INFO - Progress saved to checkpoint_batch_24.pkl
2024-07-12 12:54:00,215 - IDTranslator_137376234981312 - INFO - Processed batch 25/61
2024-07-12 12:54:01,296 - IDTranslator_137376234981312 - INFO - Processed batch 26/61
2024-07-12 12:54:01,298 - IDTranslator_137376234981312 - INFO - Progress saved to checkpoint_batch_26.pkl
2024-07-12 12:54:01,454 - IDTranslator_137376234981312 - INFO - Processed batch 27/61
2024-07-12 12:54:01,545 - IDTranslator_137376234981312 - INFO - Processed batch 28/61
2024-07-12 12:54:01,547 - IDTranslator_137376234981312 - INFO - Progress saved to checkpoint_batch_28.pkl
2024-07-12 12:54:01,567 - IDTranslator_137376234981312 - INFO - Processed batch 29/61
2024-07-12 12:54:01,745 - IDTranslator_137376234981312 - INFO - Processed batch 30/61
2024-07-12 12:54:01,746 - IDTranslator_137376234981312 - INFO - Progress saved to checkpoint_batch_30.pkl
2024-07-12 12:54:02,554 - IDTranslator_137376234981312 - INFO - Processed batch 31/61
2024-07-12 12:54:02,759 - IDTranslator_137376234981312 - INFO - Processed batch 32/61
2024-07-12 12:54:02,761 - IDTranslator_137376234981312 - INFO - Progress saved to checkpoint_batch_32.pkl
2024-07-12 12:54:02,873 - IDTranslator_137376234981312 - INFO - Processed batch 33/61
2024-07-12 12:54:02,979 - IDTranslator_137376234981312 - INFO - Processed batch 34/61
2024-07-12 12:54:02,981 - IDTranslator_137376234981312 - INFO - Progress saved to checkpoint_batch_34.pkl
2024-07-12 12:54:03,831 - IDTranslator_137376234981312 - INFO - Processed batch 35/61
2024-07-12 12:54:04,264 - IDTranslator_137376234981312 - INFO - Processed batch 36/61
2024-07-12 12:54:04,266 - IDTranslator_137376234981312 - INFO - Progress saved to checkpoint_batch_36.pkl
2024-07-12 12:56:04,930 - IDTranslator_137376234981312 - INFO - Processed batch 37/61
2024-07-12 12:56:05,671 - IDTranslator_137376234981312 - INFO - Processed batch 38/61
2024-07-12 12:56:05,673 - IDTranslator_137376234981312 - INFO - Progress saved to checkpoint_batch_38.pkl
2024-07-12 12:56:05,944 - IDTranslator_137376234981312 - INFO - Processed batch 39/61
2024-07-12 12:56:05,971 - IDTranslator_137376234981312 - INFO - Processed batch 40/61
2024-07-12 12:56:05,973 - IDTranslator_137376234981312 - INFO - Progress saved to checkpoint_batch_40.pkl
2024-07-12 12:56:05,974 - IDTranslator_137376234981312 - INFO - Processed batch 41/61
2024-07-12 12:56:06,179 - IDTranslator_137376234981312 - INFO - Processed batch 42/61
2024-07-12 12:56:06,181 - IDTranslator_137376234981312 - INFO - Progress saved to checkpoint_batch_42.pkl
2024-07-12 12:56:06,747 - IDTranslator_137376234981312 - INFO - Processed batch 43/61
2024-07-12 12:56:06,994 - IDTranslator_137376234981312 - INFO - Processed batch 44/61
2024-07-12 12:56:06,996 - IDTranslator_137376234981312 - INFO - Progress saved to checkpoint_batch_44.pkl
2024-07-12 12:56:07,229 - IDTranslator_137376234981312 - INFO - Processed batch 45/61
2024-07-12 12:56:07,631 - IDTranslator_137376234981312 - INFO - Processed batch 46/61
2024-07-12 12:56:07,633 - IDTranslator_137376234981312 - INFO - Progress saved to checkpoint_batch_46.pkl
2024-07-12 12:56:08,119 - IDTranslator_137376234981312 - INFO - Processed batch 47/61
2024-07-12 12:56:08,858 - IDTranslator_137376234981312 - INFO - Processed batch 48/61
2024-07-12 12:56:08,860 - IDTranslator_137376234981312 - INFO - Progress saved to checkpoint_batch_48.pkl
2024-07-12 12:58:10,514 - IDTranslator_137376234981312 - INFO - Processed batch 49/61
2024-07-12 12:58:11,344 - IDTranslator_137376234981312 - INFO - Processed batch 50/61
2024-07-12 12:58:11,347 - IDTranslator_137376234981312 - INFO - Progress saved to checkpoint_batch_50.pkl
2024-07-12 12:58:11,348 - IDTranslator_137376234981312 - INFO - Processed batch 51/61
2024-07-12 12:58:11,357 - IDTranslator_137376234981312 - INFO - Processed batch 52/61
2024-07-12 12:58:11,359 - IDTranslator_137376234981312 - INFO - Progress saved to checkpoint_batch_52.pkl
2024-07-12 12:58:11,455 - IDTranslator_137376234981312 - INFO - Processed batch 53/61
2024-07-12 12:58:12,570 - IDTranslator_137376234981312 - INFO - Processed batch 54/61
2024-07-12 12:58:12,573 - IDTranslator_137376234981312 - INFO - Progress saved to checkpoint_batch_54.pkl
2024-07-12 12:58:12,577 - IDTranslator_137376234981312 - INFO - Processed batch 55/61
2024-07-12 12:58:12,594 - IDTranslator_137376234981312 - INFO - Processed batch 56/61
2024-07-12 12:58:12,596 - IDTranslator_137376234981312 - INFO - Progress saved to checkpoint_batch_56.pkl
2024-07-12 12:58:12,881 - IDTranslator_137376234981312 - INFO - Processed batch 57/61
2024-07-12 12:58:13,783 - IDTranslator_137376234981312 - INFO - Processed batch 58/61
2024-07-12 12:58:13,786 - IDTranslator_137376234981312 - INFO - Progress saved to checkpoint_batch_58.pkl
2024-07-12 12:58:13,962 - IDTranslator_137376234981312 - INFO - Processed batch 59/61
2024-07-12 12:58:14,102 - IDTranslator_137376234981312 - INFO - Processed batch 60/61
2024-07-12 12:58:14,104 - IDTranslator_137376234981312 - INFO - Progress saved to checkpoint_batch_60.pkl
2024-07-12 12:59:09,241 - IDTranslator_137376234981312 - INFO - Processed batch 61/61
2024-07-12 12:59:09,244 - IDTranslator_137376234981312 - INFO - Progress saved to checkpoint_batch_61.pkl
2024-07-12 12:59:09,255 - IDTranslator_137376234981312 - INFO - Applying translation to dataframe...
2024-07-12 12:59:14,668 - IDTranslator_137376234981312 - INFO - Results saved to ../data/Lit-BM_translated.csv
2024-07-12 12:59:14,685 - IDTranslator_137376234981312 - INFO - ID translation process completed in 698.03 seconds
2024-07-12 12:59:14,688 - IDTranslator_137376234981312 - INFO - Original entry count: 13544
2024-07-12 12:59:14,689 - IDTranslator_137376234981312 - INFO - Translated entry count: 13544
2024-07-12 12:59:14,689 - IDTranslator_137376234981312 - INFO - Expansion factor: 1.00
2024-07-12 12:59:14,690 - IDTranslator_137376234981312 - INFO - Translation success rate: 100.00%
2024-07-12 12:59:14,697 - IDTranslator_137376235062368 - INFO - Starting ID translation process from Ensembl to UniProtKB-Swiss-Prot
2024-07-12 12:59:14,702 - IDTranslator_137376235062368 - INFO - Loaded 1159 rows with 672 unique IDs
2024-07-12 12:59:14,703 - IDTranslator_137376235062368 - INFO - No existing progress found. Starting from scratch.
2024-07-12 13:00:50,876 - IDTranslator_137376235062368 - INFO - Processed batch 1/7
2024-07-12 13:01:23,622 - IDTranslator_137376235062368 - INFO - Processed batch 2/7
2024-07-12 13:01:23,623 - IDTranslator_137376235062368 - INFO - Progress saved to checkpoint_batch_2.pkl
2024-07-12 13:01:23,653 - IDTranslator_137376235062368 - INFO - Processed batch 3/7
2024-07-12 13:01:23,743 - IDTranslator_137376235062368 - INFO - Processed batch 4/7
2024-07-12 13:01:23,745 - IDTranslator_137376235062368 - INFO - Progress saved to checkpoint_batch_4.pkl
2024-07-12 13:01:24,547 - IDTranslator_137376235062368 - INFO - Processed batch 5/7
2024-07-12 13:01:24,550 - IDTranslator_137376235062368 - INFO - Processed batch 6/7
2024-07-12 13:01:24,551 - IDTranslator_137376235062368 - INFO - Progress saved to checkpoint_batch_6.pkl
2024-07-12 13:01:25,839 - IDTranslator_137376235062368 - INFO - Processed batch 7/7
2024-07-12 13:01:25,841 - IDTranslator_137376235062368 - INFO - Progress saved to checkpoint_batch_7.pkl
2024-07-12 13:01:25,851 - IDTranslator_137376235062368 - INFO - Applying translation to dataframe...
2024-07-12 13:01:26,381 - IDTranslator_137376235062368 - INFO - Results saved to ../data/Test_space_screens-19_translated.csv
2024-07-12 13:01:26,383 - IDTranslator_137376235062368 - INFO - ID translation process completed in 131.68 seconds
2024-07-12 13:01:26,385 - IDTranslator_137376235062368 - INFO - Original entry count: 1164
2024-07-12 13:01:26,386 - IDTranslator_137376235062368 - INFO - Translated entry count: 1164
2024-07-12 13:01:26,386 - IDTranslator_137376235062368 - INFO - Expansion factor: 1.00
2024-07-12 13:01:26,387 - IDTranslator_137376235062368 - INFO - Translation success rate: 100.00%
